<?xml version="1.0" encoding="UTF-8"?>
<!-- Generated by org.testng.reporters.JUnitReportReporter -->
<testsuite skipped="0" hostname="DESKTOP-K1R1GG0" name="POMConfig.DriverPOM" tests="2" failures="0" timestamp="2022-05-26T13:07:25 IST" time="76.929" errors="0">
  <testcase name="loginTest1" time="7.216" classname="POMConfig.DriverPOM"/>
  <system-out/>
  <testcase name="sendEmailTest2" time="69.713" classname="POMConfig.DriverPOM"/>
  <system-out/>
</testsuite> <!-- POMConfig.DriverPOM -->
